2024-03-02 19:16:11,378 - INFO - starting app
2024-03-02 19:16:15,926 - INFO - starting app
2024-03-02 19:16:25,871 - INFO - starting app
2024-03-02 19:18:46,833 - INFO - starting app
2024-03-02 19:19:14,191 - INFO - Starting ................
2024-03-02 19:19:14,196 - INFO - ended.
2024-03-02 19:19:28,446 - INFO - starting app
2024-03-02 19:19:30,576 - INFO - starting app
2024-03-02 19:19:36,861 - INFO - starting app
2024-03-02 19:19:43,197 - INFO - starting app
2024-03-02 19:19:45,903 - INFO - Starting ................
2024-03-02 19:19:45,906 - INFO - ended. process_time: 0.0024340152740478516
2024-03-02 19:20:15,078 - INFO - starting app
2024-03-02 19:20:30,307 - INFO - starting app
2024-03-02 19:20:35,664 - INFO - starting app
2024-03-02 19:20:37,714 - INFO - starting app
2024-03-02 19:20:39,891 - INFO - starting app
2024-03-02 19:20:47,219 - INFO - starting app
2024-03-02 19:20:53,804 - INFO - starting app
2024-03-02 19:21:08,017 - INFO - starting app
2024-03-02 19:21:26,439 - INFO - Starting ................
2024-03-02 19:21:26,445 - INFO - ended. process_time: 0.005656003952026367
2024-03-02 19:21:32,982 - INFO - Starting ................
2024-03-02 19:21:32,997 - WARNING - Product is no more available
2024-03-02 19:21:33,000 - INFO - ended. process_time: 0.016301870346069336
2024-03-02 19:23:50,654 - INFO - starting app
2024-03-02 19:24:23,889 - INFO - starting app
2024-03-02 19:24:34,789 - INFO - starting app2024-03-12 17:09:40,345 - INFO - starting app
2024-03-12 17:11:18,583 - INFO - Starting ................
2024-03-12 17:11:18,898 - INFO - ended. process_time: 0.005003213882446289
2024-03-12 17:12:26,672 - INFO - Starting ................
2024-03-12 17:12:26,674 - INFO - ended. process_time: 0.0010018348693847656
2024-03-12 17:12:30,616 - INFO - Starting ................
2024-03-12 17:12:30,865 - INFO - ended. process_time: 0.2479841709136963
2024-03-12 17:12:50,467 - INFO - Starting ................
2024-03-12 17:12:50,571 - INFO - ended. process_time: 0.10199189186096191
2024-03-12 17:13:14,930 - INFO - Starting ................
2024-03-12 17:13:14,938 - INFO - ended. process_time: 0.0040018558502197266
2024-03-12 17:14:00,467 - INFO - Starting ................
2024-03-12 17:14:00,472 - INFO - ended. process_time: 0.0040018558502197266
2024-03-12 17:14:43,521 - INFO - Starting ................
2024-03-12 17:14:43,531 - INFO - ended. process_time: 0.0019996166229248047
2024-03-12 17:15:34,207 - INFO - Starting ................
2024-03-12 17:15:34,218 - INFO - ended. process_time: 0.009997129440307617
2024-03-12 17:16:44,316 - INFO - Starting ................
2024-03-12 17:16:44,323 - INFO - ended. process_time: 0.004999399185180664
2024-03-12 17:17:47,505 - INFO - Starting ................
2024-03-12 17:17:47,519 - INFO - ended. process_time: 0.0069997310638427734
2024-03-12 17:18:04,416 - INFO - Starting ................
2024-03-12 17:18:04,459 - INFO - ended. process_time: 0.041046857833862305
2024-03-12 17:19:09,669 - INFO - Starting ................
2024-03-12 17:19:09,986 - INFO - ended. process_time: 0.31598687171936035
2024-03-12 17:20:21,206 - INFO - Starting ................
2024-03-12 17:20:21,306 - INFO - ended. process_time: 0.09799599647521973
2024-03-12 17:21:33,944 - INFO - Starting ................
2024-03-12 17:21:33,950 - INFO - ended. process_time: 0.003999233245849609
2024-03-12 17:22:18,135 - INFO - Starting ................
2024-03-12 17:22:18,141 - INFO - ended. process_time: 0.00500035285949707
2024-03-12 17:23:42,860 - INFO - Starting ................
2024-03-12 17:23:42,865 - INFO - ended. process_time: 0.003000974655151367
2024-03-12 17:24:35,323 - INFO - Starting ................
2024-03-12 17:24:35,329 - INFO - ended. process_time: 0.003998994827270508
2024-03-12 17:25:40,005 - INFO - Starting ................
2024-03-12 17:25:40,009 - INFO - ended. process_time: 0.002953767776489258
2024-03-12 17:26:45,739 - INFO - Starting ................
2024-03-12 17:26:45,744 - INFO - ended. process_time: 0.003999948501586914
2024-03-12 17:27:06,912 - INFO - Starting ................
2024-03-12 17:27:06,919 - INFO - ended. process_time: 0.00504755973815918
2024-03-12 17:27:46,164 - INFO - Starting ................
2024-03-12 17:27:46,168 - INFO - ended. process_time: 0.004003763198852539
2024-03-12 17:28:06,183 - INFO - Starting ................
2024-03-12 17:28:06,189 - INFO - ended. process_time: 0.0050013065338134766
2024-03-12 17:28:33,649 - INFO - Starting ................
2024-03-12 17:28:35,907 - INFO - ended. process_time: 2.2568914890289307
2024-03-12 17:31:24,438 - INFO - starting app
2024-03-12 17:31:58,138 - INFO - Starting ................
2024-03-12 17:31:58,246 - INFO - ended. process_time: 0.006002664566040039
2024-03-12 17:31:58,923 - INFO - Starting ................
2024-03-12 17:31:59,837 - INFO - ended. process_time: 0.9139559268951416
2024-03-12 17:33:19,264 - INFO - starting app
2024-03-12 17:36:59,300 - INFO - starting app
2024-03-12 17:37:02,191 - INFO - Starting ................
2024-03-12 17:37:02,196 - INFO - ended. process_time: 0.0039997100830078125
2024-03-12 17:37:17,205 - INFO - Starting ................
2024-03-12 17:37:17,222 - INFO - ended. process_time: 0.0069963932037353516
2024-03-12 17:37:17,856 - INFO - Starting ................
2024-03-12 17:37:19,227 - INFO - ended. process_time: 1.3699305057525635
